<?xml version="1.0" encoding="utf-8"?><testsuites name="pytest tests"><testsuite name="pytest" errors="0" failures="0" skipped="0" tests="16" time="7.606" timestamp="2026-06-14T02:31:46.787336+00:00" hostname="agent-env-0c705fea-4617-4345-a2a3-cd5df4a09f67"><testcase classname="backend.tests.test_iqro_api" name="test_root_ok" time="0.196" /><testcase classname="backend.tests.test_iqro_api" name="test_register_and_me_and_logout" time="0.774" /><testcase classname="backend.tests.test_iqro_api" name="test_register_duplicate_email" time="0.824" /><testcase classname="backend.tests.test_iqro_api" name="test_login_admin" time="0.748" /><testcase classname="backend.tests.test_iqro_api" name="test_login_wrong_password" time="0.694" /><testcase classname="backend.tests.test_iqro_api" name="test_materials_list_six_with_lock_states" time="0.165" /><testcase classname="backend.tests.test_iqro_api" name="test_material_detail_requires_auth" time="0.363" /><testcase classname="backend.tests.test_iqro_api" name="test_material_detail_locked_returns_423" time="0.903" /><testcase classname="backend.tests.test_iqro_api" name="test_material_detail_unlocked_returns_html" time="0.269" /><testcase classname="backend.tests.test_iqro_api" name="test_progress_upsert_and_get" time="0.353" /><testcase classname="backend.tests.test_iqro_api" name="test_comment_flow" time="1.352" /><testcase classname="backend.tests.test_iqro_api" name="test_admin_users_forbidden_for_user" time="0.046" /><testcase classname="backend.tests.test_iqro_api" name="test_admin_users_ok" time="0.063" /><testcase classname="backend.tests.test_iqro_api" name="test_admin_stats" time="0.067" /><testcase classname="backend.tests.test_iqro_api" name="test_admin_material_crud" time="0.396" /><testcase classname="backend.tests.test_iqro_api" name="test_material_create_forbidden_for_user" time="0.050" /></testsuite></testsuites>